# JRE version: OpenJDK Runtime Environment (15.0.1+9) (build 15.0.1+9-18)
# Java VM: OpenJDK 64-Bit Server VM (15.0.1+9-18, mixed mode, sharing, tiered, compressed oops, g1 gc, linux-amd64)
GC Precious Log:
 CPUs: 4 total, 4 available
 Memory: 7976M
 Large Page Support: Disabled
 NUMA Support: Disabled
 Compressed Oops: Enabled (32-bit)
 Heap Region Size: 1M
 Heap Min Capacity: 8M
 Heap Initial Capacity: 126M
 Heap Max Capacity: 1996M
 Pre-touch: Disabled
 Parallel Workers: 4
 Concurrent Workers: 1
 Concurrent Refinement Workers: 4
 Periodic GC: Disabled
Heap:
 garbage-first heap   total 55296K, used 43710K [0x0000000083400000, 0x0000000100000000)
  region size 1024K, 26 young (26624K), 3 survivors (3072K)
 Metaspace       used 28651K, capacity 29023K, committed 29184K, reserved 1075200K
  class space    used 3439K, capacity 3544K, committed 3584K, reserved 1048576K
GC Heap History (10 events):
Event: 0.597 GC heap before
{Heap before GC invocations=0 (full 0):
 garbage-first heap   total 131072K, used 15160K [0x0000000083400000, 0x0000000100000000)
  region size 1024K, 13 young (13312K), 0 survivors (0K)
 Metaspace       used 3961K, capacity 6069K, committed 6400K, reserved 1056768K
  class space    used 451K, capacity 636K, committed 768K, reserved 1048576K
}
Event: 0.650 GC heap after
{Heap after GC invocations=1 (full 0):
 garbage-first heap   total 131072K, used 5403K [0x0000000083400000, 0x0000000100000000)
  region size 1024K, 2 young (2048K), 2 survivors (2048K)
 Metaspace       used 3961K, capacity 6069K, committed 6400K, reserved 1056768K
  class space    used 451K, capacity 636K, committed 768K, reserved 1048576K
}
Event: 1.805 GC heap before
{Heap before GC invocations=1 (full 0):
 garbage-first heap   total 131072K, used 19739K [0x0000000083400000, 0x0000000100000000)
  region size 1024K, 16 young (16384K), 2 survivors (2048K)
 Metaspace       used 6712K, capacity 7247K, committed 7552K, reserved 1056768K
  class space    used 763K, capacity 846K, committed 896K, reserved 1048576K
}
Event: 1.811 GC heap after
{Heap after GC invocations=2 (full 0):
 garbage-first heap   total 131072K, used 6915K [0x0000000083400000, 0x0000000100000000)
  region size 1024K, 2 young (2048K), 2 survivors (2048K)
 Metaspace       used 6712K, capacity 7247K, committed 7552K, reserved 1056768K
  class space    used 763K, capacity 846K, committed 896K, reserved 1048576K
}
Event: 3.355 GC heap before
{Heap before GC invocations=2 (full 0):
 garbage-first heap   total 131072K, used 78595K [0x0000000083400000, 0x0000000100000000)
  region size 1024K, 73 young (74752K), 2 survivors (2048K)
 Metaspace       used 14833K, capacity 15075K, committed 15360K, reserved 1062912K
  class space    used 1907K, capacity 2010K, committed 2048K, reserved 1048576K
}
Event: 3.366 GC heap after
{Heap after GC invocations=3 (full 0):
 garbage-first heap   total 131072K, used 11098K [0x0000000083400000, 0x0000000100000000)
  region size 1024K, 6 young (6144K), 6 survivors (6144K)
 Metaspace       used 14833K, capacity 15075K, committed 15360K, reserved 1062912K
  class space    used 1907K, capacity 2010K, committed 2048K, reserved 1048576K
}
Event: 7.815 GC heap before
{Heap before GC invocations=3 (full 0):
 garbage-first heap   total 131072K, used 72538K [0x0000000083400000, 0x0000000100000000)
  region size 1024K, 68 young (69632K), 6 survivors (6144K)
 Metaspace       used 20892K, capacity 21155K, committed 21296K, reserved 1069056K
  class space    used 2578K, capacity 2655K, committed 2688K, reserved 1048576K
}
Event: 7.828 GC heap after
{Heap after GC invocations=4 (full 0):
 garbage-first heap   total 131072K, used 13689K [0x0000000083400000, 0x0000000100000000)
  region size 1024K, 7 young (7168K), 7 survivors (7168K)
 Metaspace       used 20892K, capacity 21155K, committed 21296K, reserved 1069056K
  class space    used 2578K, capacity 2655K, committed 2688K, reserved 1048576K
}
Event: 10.287 GC heap before
{Heap before GC invocations=5 (full 0):
 garbage-first heap   total 55296K, used 38265K [0x0000000083400000, 0x0000000100000000)
  region size 1024K, 32 young (32768K), 7 survivors (7168K)
 Metaspace       used 25458K, capacity 25805K, committed 26112K, reserved 1073152K
  class space    used 3155K, capacity 3241K, committed 3328K, reserved 1048576K
}
Event: 10.302 GC heap after
{Heap after GC invocations=6 (full 0):
 garbage-first heap   total 55296K, used 16062K [0x0000000083400000, 0x0000000100000000)
  region size 1024K, 3 young (3072K), 3 survivors (3072K)
 Metaspace       used 25458K, capacity 25805K, committed 26112K, reserved 1073152K
  class space    used 3155K, capacity 3241K, committed 3328K, reserved 1048576K
}

